<?xml version="1.0" encoding="UTF-8"?>
<!-- Generated by org.testng.reporters.JUnitReportReporter -->
<testsuite hostname="apples-MacBook-Air.local" failures="0" tests="4" name="com.qaprosoft.carina.demo.APISampleTest" time="13.360" errors="0" timestamp="2022-06-20T14:19:30 PDT" skipped="0">
  <testcase classname="com.qaprosoft.carina.demo.APISampleTest" name="testGetUsers" time="1.829"/>
  <system-out/>
  <testcase classname="com.qaprosoft.carina.demo.APISampleTest" name="testCreateUserMissingSomeFields" time="0.465"/>
  <system-out/>
  <testcase classname="com.qaprosoft.carina.demo.APISampleTest" name="testDeleteUsers" time="0.389"/>
  <system-out/>
  <testcase classname="com.qaprosoft.carina.demo.APISampleTest" name="testCreateUser" time="10.677"/>
  <system-out/>
</testsuite> <!-- com.qaprosoft.carina.demo.APISampleTest -->
